<?xml version="1.0" encoding="UTF-8"?>
<!-- Generated by org.testng.reporters.JUnitXMLReporter -->
<testsuite hostname="LAPTOP-I3ABMITL" ignored="0" name="Default test" tests="3" failures="0" timestamp="2022-01-30T20:30:18 CET" time="3.659" errors="0">
  <testcase name="forgotPassword" time="1.653" classname="testCases.Test_User_Login"/>
  <testcase name="getText" time="0.864" classname="testCases.Test_User_Login"/>
  <testcase name="login" time="1.108" classname="testCases.Test_User_Login"/>
</testsuite> <!-- Default test -->
